CRITICAL - 2022-06-26 01:54:20 --> Call to undefined method App\Models\Admin\User\Model_bidang::view_akses_cari
in SYSTEMPATH/Model.php on line 773.
 1 APPPATH/Controllers/Admin/User/Bidang.php(99): CodeIgniter\Model->__call('view_akses_cari', [])
 2 SYSTEMPATH/CodeIgniter.php(896): App\Controllers\Admin\User\Bidang->bidang_edit('3704c07c1eae61f3a930df4ba208f732c489119b26d433ac052cb89dec2c57700b40883f0490bf287974187064ff5848e9b286a0')
 3 SYSTEMPATH/CodeIgniter.php(466): CodeIgniter\CodeIgniter->runController(Object(App\Controllers\Admin\User\Bidang))
 4 SYSTEMPATH/CodeIgniter.php(349): CodeIgniter\CodeIgniter->handleRequest(null, Object(Config\Cache), false)
 5 FCPATH/index.php(55): CodeIgniter\CodeIgniter->run()
 6 SYSTEMPATH/Commands/Server/rewrite.php(43): require_once('FCPATH/index.php')
CRITICAL - 2022-06-26 01:54:51 --> Call to undefined method App\Models\Admin\User\Model_bidang::view_akses_cari
in SYSTEMPATH/Model.php on line 773.
 1 APPPATH/Controllers/Admin/User/Bidang.php(99): CodeIgniter\Model->__call('view_akses_cari', [])
 2 SYSTEMPATH/CodeIgniter.php(896): App\Controllers\Admin\User\Bidang->bidang_edit('3704c07c1eae61f3a930df4ba208f732c489119b26d433ac052cb89dec2c57700b40883f0490bf287974187064ff5848e9b286a0')
 3 SYSTEMPATH/CodeIgniter.php(466): CodeIgniter\CodeIgniter->runController(Object(App\Controllers\Admin\User\Bidang))
 4 SYSTEMPATH/CodeIgniter.php(349): CodeIgniter\CodeIgniter->handleRequest(null, Object(Config\Cache), false)
 5 FCPATH/index.php(55): CodeIgniter\CodeIgniter->run()
 6 SYSTEMPATH/Commands/Server/rewrite.php(43): require_once('FCPATH/index.php')
CRITICAL - 2022-06-26 01:55:14 --> Call to undefined method App\Models\Admin\User\Model_bidang::view_akses_cari
in SYSTEMPATH/Model.php on line 773.
 1 APPPATH/Controllers/Admin/User/Bidang.php(99): CodeIgniter\Model->__call('view_akses_cari', [])
 2 SYSTEMPATH/CodeIgniter.php(896): App\Controllers\Admin\User\Bidang->bidang_edit('fb174837deda953cdbf560598dd39366484823853123b44422da202a4a3efeed49c529868f08b712c4130905a236acf7d666d586')
 3 SYSTEMPATH/CodeIgniter.php(466): CodeIgniter\CodeIgniter->runController(Object(App\Controllers\Admin\User\Bidang))
 4 SYSTEMPATH/CodeIgniter.php(349): CodeIgniter\CodeIgniter->handleRequest(null, Object(Config\Cache), false)
 5 FCPATH/index.php(55): CodeIgniter\CodeIgniter->run()
 6 SYSTEMPATH/Commands/Server/rewrite.php(43): require_once('FCPATH/index.php')
CRITICAL - 2022-06-26 01:59:06 --> Call to undefined method App\Models\Admin\User\Model_bidang::view_akses_cari
in SYSTEMPATH/Model.php on line 773.
 1 APPPATH/Controllers/Admin/User/Bidang.php(99): CodeIgniter\Model->__call('view_akses_cari', [])
 2 SYSTEMPATH/CodeIgniter.php(896): App\Controllers\Admin\User\Bidang->bidang_edit('470ae0ced0f3ecd1876c9721f1e555ae0cbbffdb3ca5d6bedcf5177ac970eb0022598d111716ca93c8b51e53076a60fceb2e3762')
 3 SYSTEMPATH/CodeIgniter.php(466): CodeIgniter\CodeIgniter->runController(Object(App\Controllers\Admin\User\Bidang))
 4 SYSTEMPATH/CodeIgniter.php(349): CodeIgniter\CodeIgniter->handleRequest(null, Object(Config\Cache), false)
 5 FCPATH/index.php(55): CodeIgniter\CodeIgniter->run()
 6 SYSTEMPATH/Commands/Server/rewrite.php(43): require_once('FCPATH/index.php')
CRITICAL - 2022-06-26 02:01:35 --> Call to undefined method App\Models\Admin\User\Model_bidang::view_akses_cari
in SYSTEMPATH/Model.php on line 773.
 1 APPPATH/Controllers/Admin/User/Bidang.php(99): CodeIgniter\Model->__call('view_akses_cari', [])
 2 SYSTEMPATH/CodeIgniter.php(896): App\Controllers\Admin\User\Bidang->bidang_edit('470ae0ced0f3ecd1876c9721f1e555ae0cbbffdb3ca5d6bedcf5177ac970eb0022598d111716ca93c8b51e53076a60fceb2e3762')
 3 SYSTEMPATH/CodeIgniter.php(466): CodeIgniter\CodeIgniter->runController(Object(App\Controllers\Admin\User\Bidang))
 4 SYSTEMPATH/CodeIgniter.php(349): CodeIgniter\CodeIgniter->handleRequest(null, Object(Config\Cache), false)
 5 FCPATH/index.php(55): CodeIgniter\CodeIgniter->run()
 6 SYSTEMPATH/Commands/Server/rewrite.php(43): require_once('FCPATH/index.php')
CRITICAL - 2022-06-26 02:01:37 --> Call to undefined method App\Models\Admin\User\Model_bidang::view_akses_cari
in SYSTEMPATH/Model.php on line 773.
 1 APPPATH/Controllers/Admin/User/Bidang.php(99): CodeIgniter\Model->__call('view_akses_cari', [])
 2 SYSTEMPATH/CodeIgniter.php(896): App\Controllers\Admin\User\Bidang->bidang_edit('470ae0ced0f3ecd1876c9721f1e555ae0cbbffdb3ca5d6bedcf5177ac970eb0022598d111716ca93c8b51e53076a60fceb2e3762')
 3 SYSTEMPATH/CodeIgniter.php(466): CodeIgniter\CodeIgniter->runController(Object(App\Controllers\Admin\User\Bidang))
 4 SYSTEMPATH/CodeIgniter.php(349): CodeIgniter\CodeIgniter->handleRequest(null, Object(Config\Cache), false)
 5 FCPATH/index.php(55): CodeIgniter\CodeIgniter->run()
 6 SYSTEMPATH/Commands/Server/rewrite.php(43): require_once('FCPATH/index.php')
CRITICAL - 2022-06-26 02:01:55 --> Call to undefined method App\Models\Admin\User\Model_bidang::view_akses_cari
in SYSTEMPATH/Model.php on line 773.
 1 APPPATH/Controllers/Admin/User/Bidang.php(99): CodeIgniter\Model->__call('view_akses_cari', [])
 2 SYSTEMPATH/CodeIgniter.php(896): App\Controllers\Admin\User\Bidang->bidang_edit('470ae0ced0f3ecd1876c9721f1e555ae0cbbffdb3ca5d6bedcf5177ac970eb0022598d111716ca93c8b51e53076a60fceb2e3762')
 3 SYSTEMPATH/CodeIgniter.php(466): CodeIgniter\CodeIgniter->runController(Object(App\Controllers\Admin\User\Bidang))
 4 SYSTEMPATH/CodeIgniter.php(349): CodeIgniter\CodeIgniter->handleRequest(null, Object(Config\Cache), false)
 5 FCPATH/index.php(55): CodeIgniter\CodeIgniter->run()
 6 SYSTEMPATH/Commands/Server/rewrite.php(43): require_once('FCPATH/index.php')
CRITICAL - 2022-06-26 02:10:39 --> Call to undefined method App\Models\Admin\User\Model_bidang::view_akses_cari
in SYSTEMPATH/Model.php on line 773.
 1 APPPATH/Controllers/Admin/User/Bidang.php(99): CodeIgniter\Model->__call('view_akses_cari', [])
 2 SYSTEMPATH/CodeIgniter.php(896): App\Controllers\Admin\User\Bidang->bidang_edit('470ae0ced0f3ecd1876c9721f1e555ae0cbbffdb3ca5d6bedcf5177ac970eb0022598d111716ca93c8b51e53076a60fceb2e3762')
 3 SYSTEMPATH/CodeIgniter.php(466): CodeIgniter\CodeIgniter->runController(Object(App\Controllers\Admin\User\Bidang))
 4 SYSTEMPATH/CodeIgniter.php(349): CodeIgniter\CodeIgniter->handleRequest(null, Object(Config\Cache), false)
 5 FCPATH/index.php(55): CodeIgniter\CodeIgniter->run()
 6 SYSTEMPATH/Commands/Server/rewrite.php(43): require_once('FCPATH/index.php')
CRITICAL - 2022-06-26 02:11:38 --> Call to undefined method App\Models\Admin\User\Model_bidang::view_akses_cari
in SYSTEMPATH/Model.php on line 773.
 1 APPPATH/Controllers/Admin/User/Bidang.php(99): CodeIgniter\Model->__call('view_akses_cari', [])
 2 SYSTEMPATH/CodeIgniter.php(896): App\Controllers\Admin\User\Bidang->bidang_edit('470ae0ced0f3ecd1876c9721f1e555ae0cbbffdb3ca5d6bedcf5177ac970eb0022598d111716ca93c8b51e53076a60fceb2e3762')
 3 SYSTEMPATH/CodeIgniter.php(466): CodeIgniter\CodeIgniter->runController(Object(App\Controllers\Admin\User\Bidang))
 4 SYSTEMPATH/CodeIgniter.php(349): CodeIgniter\CodeIgniter->handleRequest(null, Object(Config\Cache), false)
 5 FCPATH/index.php(55): CodeIgniter\CodeIgniter->run()
 6 SYSTEMPATH/Commands/Server/rewrite.php(43): require_once('FCPATH/index.php')
CRITICAL - 2022-06-26 02:25:14 --> Call to undefined method App\Models\Admin\User\Model_bidang::view_akses_cari
in SYSTEMPATH/Model.php on line 773.
 1 APPPATH/Controllers/Admin/User/Bidang.php(99): CodeIgniter\Model->__call('view_akses_cari', [])
 2 SYSTEMPATH/CodeIgniter.php(896): App\Controllers\Admin\User\Bidang->bidang_edit('470ae0ced0f3ecd1876c9721f1e555ae0cbbffdb3ca5d6bedcf5177ac970eb0022598d111716ca93c8b51e53076a60fceb2e3762')
 3 SYSTEMPATH/CodeIgniter.php(466): CodeIgniter\CodeIgniter->runController(Object(App\Controllers\Admin\User\Bidang))
 4 SYSTEMPATH/CodeIgniter.php(349): CodeIgniter\CodeIgniter->handleRequest(null, Object(Config\Cache), false)
 5 FCPATH/index.php(55): CodeIgniter\CodeIgniter->run()
 6 SYSTEMPATH/Commands/Server/rewrite.php(43): require_once('FCPATH/index.php')
CRITICAL - 2022-06-26 02:29:21 --> Call to undefined method App\Models\Admin\User\Model_bidang::view_akses_cari
in SYSTEMPATH/Model.php on line 773.
 1 APPPATH/Controllers/Admin/User/Bidang.php(99): CodeIgniter\Model->__call('view_akses_cari', [])
 2 SYSTEMPATH/CodeIgniter.php(896): App\Controllers\Admin\User\Bidang->bidang_edit('470ae0ced0f3ecd1876c9721f1e555ae0cbbffdb3ca5d6bedcf5177ac970eb0022598d111716ca93c8b51e53076a60fceb2e3762')
 3 SYSTEMPATH/CodeIgniter.php(466): CodeIgniter\CodeIgniter->runController(Object(App\Controllers\Admin\User\Bidang))
 4 SYSTEMPATH/CodeIgniter.php(349): CodeIgniter\CodeIgniter->handleRequest(null, Object(Config\Cache), false)
 5 FCPATH/index.php(55): CodeIgniter\CodeIgniter->run()
 6 SYSTEMPATH/Commands/Server/rewrite.php(43): require_once('FCPATH/index.php')
CRITICAL - 2022-06-26 02:30:23 --> Call to undefined method App\Models\Admin\User\Model_bidang::view_akses_cari
in SYSTEMPATH/Model.php on line 773.
 1 APPPATH/Controllers/Admin/User/Bidang.php(99): CodeIgniter\Model->__call('view_akses_cari', [])
 2 SYSTEMPATH/CodeIgniter.php(896): App\Controllers\Admin\User\Bidang->bidang_edit('470ae0ced0f3ecd1876c9721f1e555ae0cbbffdb3ca5d6bedcf5177ac970eb0022598d111716ca93c8b51e53076a60fceb2e3762')
 3 SYSTEMPATH/CodeIgniter.php(466): CodeIgniter\CodeIgniter->runController(Object(App\Controllers\Admin\User\Bidang))
 4 SYSTEMPATH/CodeIgniter.php(349): CodeIgniter\CodeIgniter->handleRequest(null, Object(Config\Cache), false)
 5 FCPATH/index.php(55): CodeIgniter\CodeIgniter->run()
 6 SYSTEMPATH/Commands/Server/rewrite.php(43): require_once('FCPATH/index.php')
CRITICAL - 2022-06-26 02:31:25 --> Call to undefined method App\Models\Admin\User\Model_bidang::view_akses_cari
in SYSTEMPATH/Model.php on line 773.
 1 APPPATH/Controllers/Admin/User/Bidang.php(99): CodeIgniter\Model->__call('view_akses_cari', [])
 2 SYSTEMPATH/CodeIgniter.php(896): App\Controllers\Admin\User\Bidang->bidang_edit('470ae0ced0f3ecd1876c9721f1e555ae0cbbffdb3ca5d6bedcf5177ac970eb0022598d111716ca93c8b51e53076a60fceb2e3762')
 3 SYSTEMPATH/CodeIgniter.php(466): CodeIgniter\CodeIgniter->runController(Object(App\Controllers\Admin\User\Bidang))
 4 SYSTEMPATH/CodeIgniter.php(349): CodeIgniter\CodeIgniter->handleRequest(null, Object(Config\Cache), false)
 5 FCPATH/index.php(55): CodeIgniter\CodeIgniter->run()
 6 SYSTEMPATH/Commands/Server/rewrite.php(43): require_once('FCPATH/index.php')
CRITICAL - 2022-06-26 02:35:41 --> Call to undefined method App\Models\Admin\User\Model_bidang::view_akses_cari
in SYSTEMPATH/Model.php on line 773.
 1 APPPATH/Controllers/Admin/User/Bidang.php(99): CodeIgniter\Model->__call('view_akses_cari', [])
 2 SYSTEMPATH/CodeIgniter.php(896): App\Controllers\Admin\User\Bidang->bidang_edit('470ae0ced0f3ecd1876c9721f1e555ae0cbbffdb3ca5d6bedcf5177ac970eb0022598d111716ca93c8b51e53076a60fceb2e3762')
 3 SYSTEMPATH/CodeIgniter.php(466): CodeIgniter\CodeIgniter->runController(Object(App\Controllers\Admin\User\Bidang))
 4 SYSTEMPATH/CodeIgniter.php(349): CodeIgniter\CodeIgniter->handleRequest(null, Object(Config\Cache), false)
 5 FCPATH/index.php(55): CodeIgniter\CodeIgniter->run()
 6 SYSTEMPATH/Commands/Server/rewrite.php(43): require_once('FCPATH/index.php')
CRITICAL - 2022-06-26 02:35:44 --> Call to undefined method App\Models\Admin\User\Model_bidang::view_akses_cari
in SYSTEMPATH/Model.php on line 773.
 1 APPPATH/Controllers/Admin/User/Bidang.php(99): CodeIgniter\Model->__call('view_akses_cari', [])
 2 SYSTEMPATH/CodeIgniter.php(896): App\Controllers\Admin\User\Bidang->bidang_edit('470ae0ced0f3ecd1876c9721f1e555ae0cbbffdb3ca5d6bedcf5177ac970eb0022598d111716ca93c8b51e53076a60fceb2e3762')
 3 SYSTEMPATH/CodeIgniter.php(466): CodeIgniter\CodeIgniter->runController(Object(App\Controllers\Admin\User\Bidang))
 4 SYSTEMPATH/CodeIgniter.php(349): CodeIgniter\CodeIgniter->handleRequest(null, Object(Config\Cache), false)
 5 FCPATH/index.php(55): CodeIgniter\CodeIgniter->run()
 6 SYSTEMPATH/Commands/Server/rewrite.php(43): require_once('FCPATH/index.php')
CRITICAL - 2022-06-26 02:37:21 --> Call to undefined method App\Models\Admin\User\Model_bidang::view_akses_cari
in SYSTEMPATH/Model.php on line 773.
 1 APPPATH/Controllers/Admin/User/Bidang.php(99): CodeIgniter\Model->__call('view_akses_cari', [])
 2 SYSTEMPATH/CodeIgniter.php(896): App\Controllers\Admin\User\Bidang->bidang_edit('470ae0ced0f3ecd1876c9721f1e555ae0cbbffdb3ca5d6bedcf5177ac970eb0022598d111716ca93c8b51e53076a60fceb2e3762')
 3 SYSTEMPATH/CodeIgniter.php(466): CodeIgniter\CodeIgniter->runController(Object(App\Controllers\Admin\User\Bidang))
 4 SYSTEMPATH/CodeIgniter.php(349): CodeIgniter\CodeIgniter->handleRequest(null, Object(Config\Cache), false)
 5 FCPATH/index.php(55): CodeIgniter\CodeIgniter->run()
 6 SYSTEMPATH/Commands/Server/rewrite.php(43): require_once('FCPATH/index.php')
CRITICAL - 2022-06-26 02:37:34 --> Undefined variable $akses
in APPPATH/Controllers/Admin/User/Bidang.php on line 108.
 1 APPPATH/Controllers/Admin/User/Bidang.php(108): CodeIgniter\Debug\Exceptions->errorHandler(2, 'Undefined variable $akses', 'APPPATH/Controllers/Admin/User/Bidang.php', 108)
 2 SYSTEMPATH/CodeIgniter.php(896): App\Controllers\Admin\User\Bidang->bidang_edit('470ae0ced0f3ecd1876c9721f1e555ae0cbbffdb3ca5d6bedcf5177ac970eb0022598d111716ca93c8b51e53076a60fceb2e3762')
 3 SYSTEMPATH/CodeIgniter.php(466): CodeIgniter\CodeIgniter->runController(Object(App\Controllers\Admin\User\Bidang))
 4 SYSTEMPATH/CodeIgniter.php(349): CodeIgniter\CodeIgniter->handleRequest(null, Object(Config\Cache), false)
 5 FCPATH/index.php(55): CodeIgniter\CodeIgniter->run()
 6 SYSTEMPATH/Commands/Server/rewrite.php(43): require_once('FCPATH/index.php')
CRITICAL - 2022-06-26 02:42:32 --> Call to undefined method App\Models\Admin\User\Model_bidang::view_akses_cari
in SYSTEMPATH/Model.php on line 773.
 1 APPPATH/Controllers/Admin/User/Bidang.php(99): CodeIgniter\Model->__call('view_akses_cari', [])
 2 SYSTEMPATH/CodeIgniter.php(896): App\Controllers\Admin\User\Bidang->bidang_edit('470ae0ced0f3ecd1876c9721f1e555ae0cbbffdb3ca5d6bedcf5177ac970eb0022598d111716ca93c8b51e53076a60fceb2e3762')
 3 SYSTEMPATH/CodeIgniter.php(466): CodeIgniter\CodeIgniter->runController(Object(App\Controllers\Admin\User\Bidang))
 4 SYSTEMPATH/CodeIgniter.php(349): CodeIgniter\CodeIgniter->handleRequest(null, Object(Config\Cache), false)
 5 FCPATH/index.php(55): CodeIgniter\CodeIgniter->run()
 6 SYSTEMPATH/Commands/Server/rewrite.php(43): require_once('FCPATH/index.php')
CRITICAL - 2022-06-26 02:42:49 --> Call to undefined method App\Models\Admin\User\Model_bidang::view_akses_cari
in SYSTEMPATH/Model.php on line 773.
 1 APPPATH/Controllers/Admin/User/Bidang.php(99): CodeIgniter\Model->__call('view_akses_cari', [])
 2 SYSTEMPATH/CodeIgniter.php(896): App\Controllers\Admin\User\Bidang->bidang_edit('470ae0ced0f3ecd1876c9721f1e555ae0cbbffdb3ca5d6bedcf5177ac970eb0022598d111716ca93c8b51e53076a60fceb2e3762')
 3 SYSTEMPATH/CodeIgniter.php(466): CodeIgniter\CodeIgniter->runController(Object(App\Controllers\Admin\User\Bidang))
 4 SYSTEMPATH/CodeIgniter.php(349): CodeIgniter\CodeIgniter->handleRequest(null, Object(Config\Cache), false)
 5 FCPATH/index.php(55): CodeIgniter\CodeIgniter->run()
 6 SYSTEMPATH/Commands/Server/rewrite.php(43): require_once('FCPATH/index.php')
CRITICAL - 2022-06-26 02:42:51 --> Call to undefined method App\Models\Admin\User\Model_bidang::view_akses_cari
in SYSTEMPATH/Model.php on line 773.
 1 APPPATH/Controllers/Admin/User/Bidang.php(99): CodeIgniter\Model->__call('view_akses_cari', [])
 2 SYSTEMPATH/CodeIgniter.php(896): App\Controllers\Admin\User\Bidang->bidang_edit('470ae0ced0f3ecd1876c9721f1e555ae0cbbffdb3ca5d6bedcf5177ac970eb0022598d111716ca93c8b51e53076a60fceb2e3762')
 3 SYSTEMPATH/CodeIgniter.php(466): CodeIgniter\CodeIgniter->runController(Object(App\Controllers\Admin\User\Bidang))
 4 SYSTEMPATH/CodeIgniter.php(349): CodeIgniter\CodeIgniter->handleRequest(null, Object(Config\Cache), false)
 5 FCPATH/index.php(55): CodeIgniter\CodeIgniter->run()
 6 SYSTEMPATH/Commands/Server/rewrite.php(43): require_once('FCPATH/index.php')
CRITICAL - 2022-06-26 02:44:47 --> Call to undefined method App\Models\Admin\User\Model_bidang::view_akses_cari
in SYSTEMPATH/Model.php on line 773.
 1 APPPATH/Controllers/Admin/User/Bidang.php(99): CodeIgniter\Model->__call('view_akses_cari', [])
 2 SYSTEMPATH/CodeIgniter.php(896): App\Controllers\Admin\User\Bidang->bidang_edit('470ae0ced0f3ecd1876c9721f1e555ae0cbbffdb3ca5d6bedcf5177ac970eb0022598d111716ca93c8b51e53076a60fceb2e3762')
 3 SYSTEMPATH/CodeIgniter.php(466): CodeIgniter\CodeIgniter->runController(Object(App\Controllers\Admin\User\Bidang))
 4 SYSTEMPATH/CodeIgniter.php(349): CodeIgniter\CodeIgniter->handleRequest(null, Object(Config\Cache), false)
 5 FCPATH/index.php(55): CodeIgniter\CodeIgniter->run()
 6 SYSTEMPATH/Commands/Server/rewrite.php(43): require_once('FCPATH/index.php')
CRITICAL - 2022-06-26 02:44:49 --> Call to undefined method App\Models\Admin\User\Model_bidang::view_akses_cari
in SYSTEMPATH/Model.php on line 773.
 1 APPPATH/Controllers/Admin/User/Bidang.php(99): CodeIgniter\Model->__call('view_akses_cari', [])
 2 SYSTEMPATH/CodeIgniter.php(896): App\Controllers\Admin\User\Bidang->bidang_edit('470ae0ced0f3ecd1876c9721f1e555ae0cbbffdb3ca5d6bedcf5177ac970eb0022598d111716ca93c8b51e53076a60fceb2e3762')
 3 SYSTEMPATH/CodeIgniter.php(466): CodeIgniter\CodeIgniter->runController(Object(App\Controllers\Admin\User\Bidang))
 4 SYSTEMPATH/CodeIgniter.php(349): CodeIgniter\CodeIgniter->handleRequest(null, Object(Config\Cache), false)
 5 FCPATH/index.php(55): CodeIgniter\CodeIgniter->run()
 6 SYSTEMPATH/Commands/Server/rewrite.php(43): require_once('FCPATH/index.php')
CRITICAL - 2022-06-26 02:45:08 --> Call to undefined method App\Models\Admin\User\Model_bidang::view_akses_cari
in SYSTEMPATH/Model.php on line 773.
 1 APPPATH/Controllers/Admin/User/Bidang.php(99): CodeIgniter\Model->__call('view_akses_cari', [])
 2 SYSTEMPATH/CodeIgniter.php(896): App\Controllers\Admin\User\Bidang->bidang_edit('470ae0ced0f3ecd1876c9721f1e555ae0cbbffdb3ca5d6bedcf5177ac970eb0022598d111716ca93c8b51e53076a60fceb2e3762')
 3 SYSTEMPATH/CodeIgniter.php(466): CodeIgniter\CodeIgniter->runController(Object(App\Controllers\Admin\User\Bidang))
 4 SYSTEMPATH/CodeIgniter.php(349): CodeIgniter\CodeIgniter->handleRequest(null, Object(Config\Cache), false)
 5 FCPATH/index.php(55): CodeIgniter\CodeIgniter->run()
 6 SYSTEMPATH/Commands/Server/rewrite.php(43): require_once('FCPATH/index.php')
CRITICAL - 2022-06-26 02:45:10 --> Call to undefined method App\Models\Admin\User\Model_bidang::view_akses_cari
in SYSTEMPATH/Model.php on line 773.
 1 APPPATH/Controllers/Admin/User/Bidang.php(99): CodeIgniter\Model->__call('view_akses_cari', [])
 2 SYSTEMPATH/CodeIgniter.php(896): App\Controllers\Admin\User\Bidang->bidang_edit('470ae0ced0f3ecd1876c9721f1e555ae0cbbffdb3ca5d6bedcf5177ac970eb0022598d111716ca93c8b51e53076a60fceb2e3762')
 3 SYSTEMPATH/CodeIgniter.php(466): CodeIgniter\CodeIgniter->runController(Object(App\Controllers\Admin\User\Bidang))
 4 SYSTEMPATH/CodeIgniter.php(349): CodeIgniter\CodeIgniter->handleRequest(null, Object(Config\Cache), false)
 5 FCPATH/index.php(55): CodeIgniter\CodeIgniter->run()
 6 SYSTEMPATH/Commands/Server/rewrite.php(43): require_once('FCPATH/index.php')
CRITICAL - 2022-06-26 02:49:51 --> Call to undefined method App\Models\Admin\User\Model_bidang::view_akses_cari
in SYSTEMPATH/Model.php on line 773.
 1 APPPATH/Controllers/Admin/User/Bidang.php(99): CodeIgniter\Model->__call('view_akses_cari', [])
 2 SYSTEMPATH/CodeIgniter.php(896): App\Controllers\Admin\User\Bidang->bidang_edit('470ae0ced0f3ecd1876c9721f1e555ae0cbbffdb3ca5d6bedcf5177ac970eb0022598d111716ca93c8b51e53076a60fceb2e3762')
 3 SYSTEMPATH/CodeIgniter.php(466): CodeIgniter\CodeIgniter->runController(Object(App\Controllers\Admin\User\Bidang))
 4 SYSTEMPATH/CodeIgniter.php(349): CodeIgniter\CodeIgniter->handleRequest(null, Object(Config\Cache), false)
 5 FCPATH/index.php(55): CodeIgniter\CodeIgniter->run()
 6 SYSTEMPATH/Commands/Server/rewrite.php(43): require_once('FCPATH/index.php')
CRITICAL - 2022-06-26 02:50:30 --> Call to undefined method App\Models\Admin\User\Model_bidang::view_akses_cari
in SYSTEMPATH/Model.php on line 773.
 1 APPPATH/Controllers/Admin/User/Bidang.php(99): CodeIgniter\Model->__call('view_akses_cari', [])
 2 SYSTEMPATH/CodeIgniter.php(896): App\Controllers\Admin\User\Bidang->bidang_edit('470ae0ced0f3ecd1876c9721f1e555ae0cbbffdb3ca5d6bedcf5177ac970eb0022598d111716ca93c8b51e53076a60fceb2e3762')
 3 SYSTEMPATH/CodeIgniter.php(466): CodeIgniter\CodeIgniter->runController(Object(App\Controllers\Admin\User\Bidang))
 4 SYSTEMPATH/CodeIgniter.php(349): CodeIgniter\CodeIgniter->handleRequest(null, Object(Config\Cache), false)
 5 FCPATH/index.php(55): CodeIgniter\CodeIgniter->run()
 6 SYSTEMPATH/Commands/Server/rewrite.php(43): require_once('FCPATH/index.php')
CRITICAL - 2022-06-26 02:50:32 --> Call to undefined method App\Models\Admin\User\Model_bidang::view_akses_cari
in SYSTEMPATH/Model.php on line 773.
 1 APPPATH/Controllers/Admin/User/Bidang.php(99): CodeIgniter\Model->__call('view_akses_cari', [])
 2 SYSTEMPATH/CodeIgniter.php(896): App\Controllers\Admin\User\Bidang->bidang_edit('470ae0ced0f3ecd1876c9721f1e555ae0cbbffdb3ca5d6bedcf5177ac970eb0022598d111716ca93c8b51e53076a60fceb2e3762')
 3 SYSTEMPATH/CodeIgniter.php(466): CodeIgniter\CodeIgniter->runController(Object(App\Controllers\Admin\User\Bidang))
 4 SYSTEMPATH/CodeIgniter.php(349): CodeIgniter\CodeIgniter->handleRequest(null, Object(Config\Cache), false)
 5 FCPATH/index.php(55): CodeIgniter\CodeIgniter->run()
 6 SYSTEMPATH/Commands/Server/rewrite.php(43): require_once('FCPATH/index.php')
CRITICAL - 2022-06-26 02:51:52 --> Call to undefined method App\Models\Admin\User\Model_bidang::view_akses_cari
in SYSTEMPATH/Model.php on line 773.
 1 APPPATH/Controllers/Admin/User/Bidang.php(99): CodeIgniter\Model->__call('view_akses_cari', [])
 2 SYSTEMPATH/CodeIgniter.php(896): App\Controllers\Admin\User\Bidang->bidang_edit('470ae0ced0f3ecd1876c9721f1e555ae0cbbffdb3ca5d6bedcf5177ac970eb0022598d111716ca93c8b51e53076a60fceb2e3762')
 3 SYSTEMPATH/CodeIgniter.php(466): CodeIgniter\CodeIgniter->runController(Object(App\Controllers\Admin\User\Bidang))
 4 SYSTEMPATH/CodeIgniter.php(349): CodeIgniter\CodeIgniter->handleRequest(null, Object(Config\Cache), false)
 5 FCPATH/index.php(55): CodeIgniter\CodeIgniter->run()
 6 SYSTEMPATH/Commands/Server/rewrite.php(43): require_once('FCPATH/index.php')
CRITICAL - 2022-06-26 02:51:54 --> Call to undefined method App\Models\Admin\User\Model_bidang::view_akses_cari
in SYSTEMPATH/Model.php on line 773.
 1 APPPATH/Controllers/Admin/User/Bidang.php(99): CodeIgniter\Model->__call('view_akses_cari', [])
 2 SYSTEMPATH/CodeIgniter.php(896): App\Controllers\Admin\User\Bidang->bidang_edit('470ae0ced0f3ecd1876c9721f1e555ae0cbbffdb3ca5d6bedcf5177ac970eb0022598d111716ca93c8b51e53076a60fceb2e3762')
 3 SYSTEMPATH/CodeIgniter.php(466): CodeIgniter\CodeIgniter->runController(Object(App\Controllers\Admin\User\Bidang))
 4 SYSTEMPATH/CodeIgniter.php(349): CodeIgniter\CodeIgniter->handleRequest(null, Object(Config\Cache), false)
 5 FCPATH/index.php(55): CodeIgniter\CodeIgniter->run()
 6 SYSTEMPATH/Commands/Server/rewrite.php(43): require_once('FCPATH/index.php')
CRITICAL - 2022-06-26 02:58:18 --> Call to undefined method App\Models\Admin\User\Model_bidang::view_akses_cari
in SYSTEMPATH/Model.php on line 773.
 1 APPPATH/Controllers/Admin/User/Bidang.php(99): CodeIgniter\Model->__call('view_akses_cari', [])
 2 SYSTEMPATH/CodeIgniter.php(896): App\Controllers\Admin\User\Bidang->bidang_edit('470ae0ced0f3ecd1876c9721f1e555ae0cbbffdb3ca5d6bedcf5177ac970eb0022598d111716ca93c8b51e53076a60fceb2e3762')
 3 SYSTEMPATH/CodeIgniter.php(466): CodeIgniter\CodeIgniter->runController(Object(App\Controllers\Admin\User\Bidang))
 4 SYSTEMPATH/CodeIgniter.php(349): CodeIgniter\CodeIgniter->handleRequest(null, Object(Config\Cache), false)
 5 FCPATH/index.php(55): CodeIgniter\CodeIgniter->run()
 6 SYSTEMPATH/Commands/Server/rewrite.php(43): require_once('FCPATH/index.php')
CRITICAL - 2022-06-26 02:59:02 --> Undefined variable $bidang
in APPPATH/Controllers/Admin/User/Bidang.php on line 107.
 1 APPPATH/Controllers/Admin/User/Bidang.php(107): CodeIgniter\Debug\Exceptions->errorHandler(2, 'Undefined variable $bidang', 'APPPATH/Controllers/Admin/User/Bidang.php', 107)
 2 SYSTEMPATH/CodeIgniter.php(896): App\Controllers\Admin\User\Bidang->bidang_edit('470ae0ced0f3ecd1876c9721f1e555ae0cbbffdb3ca5d6bedcf5177ac970eb0022598d111716ca93c8b51e53076a60fceb2e3762')
 3 SYSTEMPATH/CodeIgniter.php(466): CodeIgniter\CodeIgniter->runController(Object(App\Controllers\Admin\User\Bidang))
 4 SYSTEMPATH/CodeIgniter.php(349): CodeIgniter\CodeIgniter->handleRequest(null, Object(Config\Cache), false)
 5 FCPATH/index.php(55): CodeIgniter\CodeIgniter->run()
 6 SYSTEMPATH/Commands/Server/rewrite.php(43): require_once('FCPATH/index.php')
CRITICAL - 2022-06-26 02:59:12 --> Call to undefined method App\Models\Admin\User\Model_bidang::view_akses_cari
in SYSTEMPATH/Model.php on line 773.
 1 APPPATH/Controllers/Admin/User/Bidang.php(99): CodeIgniter\Model->__call('view_akses_cari', [])
 2 SYSTEMPATH/CodeIgniter.php(896): App\Controllers\Admin\User\Bidang->bidang_edit('470ae0ced0f3ecd1876c9721f1e555ae0cbbffdb3ca5d6bedcf5177ac970eb0022598d111716ca93c8b51e53076a60fceb2e3762')
 3 SYSTEMPATH/CodeIgniter.php(466): CodeIgniter\CodeIgniter->runController(Object(App\Controllers\Admin\User\Bidang))
 4 SYSTEMPATH/CodeIgniter.php(349): CodeIgniter\CodeIgniter->handleRequest(null, Object(Config\Cache), false)
 5 FCPATH/index.php(55): CodeIgniter\CodeIgniter->run()
 6 SYSTEMPATH/Commands/Server/rewrite.php(43): require_once('FCPATH/index.php')
CRITICAL - 2022-06-26 02:59:58 --> Call to undefined method App\Models\Admin\User\Model_bidang::view_akses
in SYSTEMPATH/Model.php on line 773.
 1 APPPATH/Controllers/Admin/User/Bidang.php(99): CodeIgniter\Model->__call('view_akses', [])
 2 SYSTEMPATH/CodeIgniter.php(896): App\Controllers\Admin\User\Bidang->bidang_edit('470ae0ced0f3ecd1876c9721f1e555ae0cbbffdb3ca5d6bedcf5177ac970eb0022598d111716ca93c8b51e53076a60fceb2e3762')
 3 SYSTEMPATH/CodeIgniter.php(466): CodeIgniter\CodeIgniter->runController(Object(App\Controllers\Admin\User\Bidang))
 4 SYSTEMPATH/CodeIgniter.php(349): CodeIgniter\CodeIgniter->handleRequest(null, Object(Config\Cache), false)
 5 FCPATH/index.php(55): CodeIgniter\CodeIgniter->run()
 6 SYSTEMPATH/Commands/Server/rewrite.php(43): require_once('FCPATH/index.php')
CRITICAL - 2022-06-26 03:56:09 --> Call to undefined method App\Models\Admin\User\Model_bidang::Edit
in SYSTEMPATH/Model.php on line 773.
 1 APPPATH/Controllers/Admin/User/Bidang.php(98): CodeIgniter\Model->__call('Edit', [...])
 2 SYSTEMPATH/CodeIgniter.php(896): App\Controllers\Admin\User\Bidang->bidang_edit('dd0f225e422b9f2fe6940bb79a70e82f2f119c583fa74be4da00ee4e0ea89f4c014887dcf37f7f71c3403e9cff98ce7054508172')
 3 SYSTEMPATH/CodeIgniter.php(466): CodeIgniter\CodeIgniter->runController(Object(App\Controllers\Admin\User\Bidang))
 4 SYSTEMPATH/CodeIgniter.php(349): CodeIgniter\CodeIgniter->handleRequest(null, Object(Config\Cache), false)
 5 FCPATH/index.php(55): CodeIgniter\CodeIgniter->run()
 6 SYSTEMPATH/Commands/Server/rewrite.php(43): require_once('FCPATH/index.php')
ERROR - 2022-06-26 03:59:46 --> Unknown table 'ROPK.auth_groups_permissions'
CRITICAL - 2022-06-26 03:59:46 --> Unknown table 'ROPK.auth_groups_permissions'
in SYSTEMPATH/Database/MySQLi/Connection.php on line 292.
 1 SYSTEMPATH/Database/MySQLi/Connection.php(292): mysqli->query('SELECT `auth_groups_permissions`.*
FROM `auth_groups`
LEFT JOIN `auth_permissions` ON `auth_groups_permissions`.`permission_id` = `auth_permissions`.`id`
WHERE `auth_groups_permissions`.`group_id` = \'0038\'', 0)
 2 SYSTEMPATH/Database/BaseConnection.php(695): CodeIgniter\Database\MySQLi\Connection->execute('SELECT `auth_groups_permissions`.*
FROM `auth_groups`
LEFT JOIN `auth_permissions` ON `auth_groups_permissions`.`permission_id` = `auth_permissions`.`id`
WHERE `auth_groups_permissions`.`group_id` = \'0038\'')
 3 SYSTEMPATH/Database/BaseConnection.php(609): CodeIgniter\Database\BaseConnection->simpleQuery('SELECT `auth_groups_permissions`.*
FROM `auth_groups`
LEFT JOIN `auth_permissions` ON `auth_groups_permissions`.`permission_id` = `auth_permissions`.`id`
WHERE `auth_groups_permissions`.`group_id` = \'0038\'')
 4 SYSTEMPATH/Database/BaseBuilder.php(1718): CodeIgniter\Database\BaseConnection->query('SELECT `auth_groups_permissions`.*
FROM `auth_groups`
LEFT JOIN `auth_permissions` ON `auth_groups_permissions`.`permission_id` = `auth_permissions`.`id`
WHERE `auth_groups_permissions`.`group_id` = :auth_groups_permissions.group_id:', [...], false)
 5 SYSTEMPATH/Model.php(771): CodeIgniter\Database\BaseBuilder->getWhere([...])
 6 APPPATH/Views/admin/User/bidang_edit.php(38): CodeIgniter\Model->__call('getWhere', [...])
 7 SYSTEMPATH/View/View.php(213): include('APPPATH/Views/admin/User/bidang_edit.php')
 8 SYSTEMPATH/View/View.php(216): CodeIgniter\View\View->CodeIgniter\View\{closure}()
 9 SYSTEMPATH/Common.php(1135): CodeIgniter\View\View->render('admin/User/bidang_edit', [], true)
10 APPPATH/Controllers/Admin/User/Bidang.php(110): view('admin/User/bidang_edit', [...])
11 SYSTEMPATH/CodeIgniter.php(896): App\Controllers\Admin\User\Bidang->bidang_edit('dd0f225e422b9f2fe6940bb79a70e82f2f119c583fa74be4da00ee4e0ea89f4c014887dcf37f7f71c3403e9cff98ce7054508172')
12 SYSTEMPATH/CodeIgniter.php(466): CodeIgniter\CodeIgniter->runController(Object(App\Controllers\Admin\User\Bidang))
13 SYSTEMPATH/CodeIgniter.php(349): CodeIgniter\CodeIgniter->handleRequest(null, Object(Config\Cache), false)
14 FCPATH/index.php(55): CodeIgniter\CodeIgniter->run()
15 SYSTEMPATH/Commands/Server/rewrite.php(43): require_once('FCPATH/index.php')
CRITICAL - 2022-06-26 04:21:58 --> Undefined array key "name"
in APPPATH/Views/admin/User/bidang.php on line 42.
 1 APPPATH/Views/admin/User/bidang.php(42): CodeIgniter\Debug\Exceptions->errorHandler(2, 'Undefined array key "name"', 'APPPATH/Views/admin/User/bidang.php', 42)
 2 SYSTEMPATH/View/View.php(213): include('APPPATH/Views/admin/User/bidang.php')
 3 SYSTEMPATH/View/View.php(216): CodeIgniter\View\View->CodeIgniter\View\{closure}()
 4 SYSTEMPATH/Common.php(1135): CodeIgniter\View\View->render('admin/User/bidang', [], true)
 5 APPPATH/Controllers/Admin/User/Bidang.php(37): view('admin/User/bidang', [...])
 6 SYSTEMPATH/CodeIgniter.php(896): App\Controllers\Admin\User\Bidang->index()
 7 SYSTEMPATH/CodeIgniter.php(466): CodeIgniter\CodeIgniter->runController(Object(App\Controllers\Admin\User\Bidang))
 8 SYSTEMPATH/CodeIgniter.php(349): CodeIgniter\CodeIgniter->handleRequest(null, Object(Config\Cache), false)
 9 FCPATH/index.php(55): CodeIgniter\CodeIgniter->run()
10 SYSTEMPATH/Commands/Server/rewrite.php(43): require_once('FCPATH/index.php')
CRITICAL - 2022-06-26 04:28:32 --> Undefined array key "name"
in APPPATH/Views/admin/User/bidang.php on line 42.
 1 APPPATH/Views/admin/User/bidang.php(42): CodeIgniter\Debug\Exceptions->errorHandler(2, 'Undefined array key "name"', 'APPPATH/Views/admin/User/bidang.php', 42)
 2 SYSTEMPATH/View/View.php(213): include('APPPATH/Views/admin/User/bidang.php')
 3 SYSTEMPATH/View/View.php(216): CodeIgniter\View\View->CodeIgniter\View\{closure}()
 4 SYSTEMPATH/Common.php(1135): CodeIgniter\View\View->render('admin/User/bidang', [], true)
 5 APPPATH/Controllers/Admin/User/Bidang.php(37): view('admin/User/bidang', [...])
 6 SYSTEMPATH/CodeIgniter.php(896): App\Controllers\Admin\User\Bidang->index()
 7 SYSTEMPATH/CodeIgniter.php(466): CodeIgniter\CodeIgniter->runController(Object(App\Controllers\Admin\User\Bidang))
 8 SYSTEMPATH/CodeIgniter.php(349): CodeIgniter\CodeIgniter->handleRequest(null, Object(Config\Cache), false)
 9 FCPATH/index.php(55): CodeIgniter\CodeIgniter->run()
10 SYSTEMPATH/Commands/Server/rewrite.php(43): require_once('FCPATH/index.php')
CRITICAL - 2022-06-26 04:29:47 --> Undefined array key "name"
in APPPATH/Views/admin/User/bidang.php on line 42.
 1 APPPATH/Views/admin/User/bidang.php(42): CodeIgniter\Debug\Exceptions->errorHandler(2, 'Undefined array key "name"', 'APPPATH/Views/admin/User/bidang.php', 42)
 2 SYSTEMPATH/View/View.php(213): include('APPPATH/Views/admin/User/bidang.php')
 3 SYSTEMPATH/View/View.php(216): CodeIgniter\View\View->CodeIgniter\View\{closure}()
 4 SYSTEMPATH/Common.php(1135): CodeIgniter\View\View->render('admin/User/bidang', [], true)
 5 APPPATH/Controllers/Admin/User/Bidang.php(37): view('admin/User/bidang', [...])
 6 SYSTEMPATH/CodeIgniter.php(896): App\Controllers\Admin\User\Bidang->index()
 7 SYSTEMPATH/CodeIgniter.php(466): CodeIgniter\CodeIgniter->runController(Object(App\Controllers\Admin\User\Bidang))
 8 SYSTEMPATH/CodeIgniter.php(349): CodeIgniter\CodeIgniter->handleRequest(null, Object(Config\Cache), false)
 9 FCPATH/index.php(55): CodeIgniter\CodeIgniter->run()
10 SYSTEMPATH/Commands/Server/rewrite.php(43): require_once('FCPATH/index.php')
CRITICAL - 2022-06-26 04:29:50 --> Undefined array key "name"
in APPPATH/Views/admin/User/bidang.php on line 42.
 1 APPPATH/Views/admin/User/bidang.php(42): CodeIgniter\Debug\Exceptions->errorHandler(2, 'Undefined array key "name"', 'APPPATH/Views/admin/User/bidang.php', 42)
 2 SYSTEMPATH/View/View.php(213): include('APPPATH/Views/admin/User/bidang.php')
 3 SYSTEMPATH/View/View.php(216): CodeIgniter\View\View->CodeIgniter\View\{closure}()
 4 SYSTEMPATH/Common.php(1135): CodeIgniter\View\View->render('admin/User/bidang', [], true)
 5 APPPATH/Controllers/Admin/User/Bidang.php(37): view('admin/User/bidang', [...])
 6 SYSTEMPATH/CodeIgniter.php(896): App\Controllers\Admin\User\Bidang->index()
 7 SYSTEMPATH/CodeIgniter.php(466): CodeIgniter\CodeIgniter->runController(Object(App\Controllers\Admin\User\Bidang))
 8 SYSTEMPATH/CodeIgniter.php(349): CodeIgniter\CodeIgniter->handleRequest(null, Object(Config\Cache), false)
 9 FCPATH/index.php(55): CodeIgniter\CodeIgniter->run()
10 SYSTEMPATH/Commands/Server/rewrite.php(43): require_once('FCPATH/index.php')
CRITICAL - 2022-06-26 04:33:34 --> Call to undefined method App\Models\Admin\User\Model_bidang::Akses
in SYSTEMPATH/Model.php on line 773.
 1 APPPATH/Controllers/Admin/User/Bidang.php(99): CodeIgniter\Model->__call('Akses', [])
 2 SYSTEMPATH/CodeIgniter.php(896): App\Controllers\Admin\User\Bidang->bidang_edit('d198f6c72fe7ee0109e18d5e425ec8a5f38d310787dbf85cd981624a2abafcac81c646cd21ca3d329a891f8bdea4482d5a158939')
 3 SYSTEMPATH/CodeIgniter.php(466): CodeIgniter\CodeIgniter->runController(Object(App\Controllers\Admin\User\Bidang))
 4 SYSTEMPATH/CodeIgniter.php(349): CodeIgniter\CodeIgniter->handleRequest(null, Object(Config\Cache), false)
 5 FCPATH/index.php(55): CodeIgniter\CodeIgniter->run()
 6 SYSTEMPATH/Commands/Server/rewrite.php(43): require_once('FCPATH/index.php')
