CRITICAL - 2022-06-30 12:03:34 --> Class "App\Models\Admin\Asb\Model_asb" not found
in APPPATH/Controllers/Admin/Asb/Asb.php on line 15.
 1 SYSTEMPATH/CodeIgniter.php(858): App\Controllers\Admin\Asb\Asb->__construct()
 2 SYSTEMPATH/CodeIgniter.php(457): CodeIgniter\CodeIgniter->createController()
 3 SYSTEMPATH/CodeIgniter.php(349): CodeIgniter\CodeIgniter->handleRequest(null, Object(Config\Cache), false)
 4 FCPATH/index.php(55): CodeIgniter\CodeIgniter->run()
 5 SYSTEMPATH/Commands/Server/rewrite.php(43): require_once('FCPATH/index.php')
CRITICAL - 2022-06-30 12:04:28 --> Invalid file: admin/Asb/asb.php
in SYSTEMPATH/Exceptions/FrameworkException.php on line 33.
 1 SYSTEMPATH/View/View.php(201): CodeIgniter\Exceptions\FrameworkException::forInvalidFile('admin/Asb/asb.php')
 2 SYSTEMPATH/Common.php(1135): CodeIgniter\View\View->render('admin/Asb/asb', [], true)
 3 APPPATH/Controllers/Admin/Asb/Asb.php(32): view('admin/Asb/asb', [...])
 4 SYSTEMPATH/CodeIgniter.php(896): App\Controllers\Admin\Asb\Asb->index()
 5 SYSTEMPATH/CodeIgniter.php(466): CodeIgniter\CodeIgniter->runController(Object(App\Controllers\Admin\Asb\Asb))
 6 SYSTEMPATH/CodeIgniter.php(349): CodeIgniter\CodeIgniter->handleRequest(null, Object(Config\Cache), false)
 7 FCPATH/index.php(55): CodeIgniter\CodeIgniter->run()
 8 SYSTEMPATH/Commands/Server/rewrite.php(43): require_once('FCPATH/index.php')
ERROR - 2022-06-30 14:55:01 --> Unknown column 'tb_hspk.verifikasi' in 'where clause'
CRITICAL - 2022-06-30 14:55:01 --> Unknown column 'tb_hspk.verifikasi' in 'where clause'
in SYSTEMPATH/Database/MySQLi/Connection.php on line 292.
 1 SYSTEMPATH/Database/MySQLi/Connection.php(292): mysqli->query('SELECT `tb_hspk`.*, `tb_verifikasi`.`verifikasi`
FROM `tb_hspk`
LEFT JOIN `tb_verifikasi` ON `tb_hspk`.`id_hspk` = `tb_verifikasi`.`hspk_id`
WHERE `tb_hspk`.`tahun` = \'2023\'
AND `tb_hspk`.`verifikasi` = \'lolos\'', 0)
 2 SYSTEMPATH/Database/BaseConnection.php(695): CodeIgniter\Database\MySQLi\Connection->execute('SELECT `tb_hspk`.*, `tb_verifikasi`.`verifikasi`
FROM `tb_hspk`
LEFT JOIN `tb_verifikasi` ON `tb_hspk`.`id_hspk` = `tb_verifikasi`.`hspk_id`
WHERE `tb_hspk`.`tahun` = \'2023\'
AND `tb_hspk`.`verifikasi` = \'lolos\'')
 3 SYSTEMPATH/Database/BaseConnection.php(609): CodeIgniter\Database\BaseConnection->simpleQuery('SELECT `tb_hspk`.*, `tb_verifikasi`.`verifikasi`
FROM `tb_hspk`
LEFT JOIN `tb_verifikasi` ON `tb_hspk`.`id_hspk` = `tb_verifikasi`.`hspk_id`
WHERE `tb_hspk`.`tahun` = \'2023\'
AND `tb_hspk`.`verifikasi` = \'lolos\'')
 4 SYSTEMPATH/Database/BaseBuilder.php(1718): CodeIgniter\Database\BaseConnection->query('SELECT `tb_hspk`.*, `tb_verifikasi`.`verifikasi`
FROM `tb_hspk`
LEFT JOIN `tb_verifikasi` ON `tb_hspk`.`id_hspk` = `tb_verifikasi`.`hspk_id`
WHERE `tb_hspk`.`tahun` = :tb_hspk.tahun:
AND `tb_hspk`.`verifikasi` = :tb_hspk.verifikasi:', [...], false)
 5 APPPATH/Models/Admin/Asb/Model_asb_hspk.php(29): CodeIgniter\Database\BaseBuilder->getWhere([...])
 6 APPPATH/Controllers/Admin/Asb/Asb_hspk.php(44): App\Models\Admin\Asb\Model_asb_hspk->hspk()
 7 SYSTEMPATH/CodeIgniter.php(896): App\Controllers\Admin\Asb\Asb_hspk->asb_add()
 8 SYSTEMPATH/CodeIgniter.php(466): CodeIgniter\CodeIgniter->runController(Object(App\Controllers\Admin\Asb\Asb_hspk))
 9 SYSTEMPATH/CodeIgniter.php(349): CodeIgniter\CodeIgniter->handleRequest(null, Object(Config\Cache), false)
10 FCPATH/index.php(55): CodeIgniter\CodeIgniter->run()
11 SYSTEMPATH/Commands/Server/rewrite.php(43): require_once('FCPATH/index.php')
CRITICAL - 2022-06-30 14:56:03 --> Undefined variable $id_hspk
in APPPATH/Views/admin/Asb/asb_hspk_add.php on line 12.
 1 APPPATH/Views/admin/Asb/asb_hspk_add.php(12): CodeIgniter\Debug\Exceptions->errorHandler(2, 'Undefined variable $id_hspk', 'APPPATH/Views/admin/Asb/asb_hspk_add.php', 12)
 2 SYSTEMPATH/View/View.php(213): include('APPPATH/Views/admin/Asb/asb_hspk_add.php')
 3 SYSTEMPATH/View/View.php(216): CodeIgniter\View\View->CodeIgniter\View\{closure}()
 4 SYSTEMPATH/Common.php(1135): CodeIgniter\View\View->render('admin/Asb/asb_hspk_add', [], true)
 5 APPPATH/Controllers/Admin/Asb/Asb_hspk.php(51): view('admin/Asb/asb_hspk_add', [...])
 6 SYSTEMPATH/CodeIgniter.php(896): App\Controllers\Admin\Asb\Asb_hspk->asb_add()
 7 SYSTEMPATH/CodeIgniter.php(466): CodeIgniter\CodeIgniter->runController(Object(App\Controllers\Admin\Asb\Asb_hspk))
 8 SYSTEMPATH/CodeIgniter.php(349): CodeIgniter\CodeIgniter->handleRequest(null, Object(Config\Cache), false)
 9 FCPATH/index.php(55): CodeIgniter\CodeIgniter->run()
10 SYSTEMPATH/Commands/Server/rewrite.php(43): require_once('FCPATH/index.php')
CRITICAL - 2022-06-30 14:56:10 --> Undefined variable $id_hspk
in APPPATH/Views/admin/Asb/asb_hspk_add.php on line 12.
 1 APPPATH/Views/admin/Asb/asb_hspk_add.php(12): CodeIgniter\Debug\Exceptions->errorHandler(2, 'Undefined variable $id_hspk', 'APPPATH/Views/admin/Asb/asb_hspk_add.php', 12)
 2 SYSTEMPATH/View/View.php(213): include('APPPATH/Views/admin/Asb/asb_hspk_add.php')
 3 SYSTEMPATH/View/View.php(216): CodeIgniter\View\View->CodeIgniter\View\{closure}()
 4 SYSTEMPATH/Common.php(1135): CodeIgniter\View\View->render('admin/Asb/asb_hspk_add', [], true)
 5 APPPATH/Controllers/Admin/Asb/Asb_hspk.php(51): view('admin/Asb/asb_hspk_add', [...])
 6 SYSTEMPATH/CodeIgniter.php(896): App\Controllers\Admin\Asb\Asb_hspk->asb_add()
 7 SYSTEMPATH/CodeIgniter.php(466): CodeIgniter\CodeIgniter->runController(Object(App\Controllers\Admin\Asb\Asb_hspk))
 8 SYSTEMPATH/CodeIgniter.php(349): CodeIgniter\CodeIgniter->handleRequest(null, Object(Config\Cache), false)
 9 FCPATH/index.php(55): CodeIgniter\CodeIgniter->run()
10 SYSTEMPATH/Commands/Server/rewrite.php(43): require_once('FCPATH/index.php')
CRITICAL - 2022-06-30 14:56:27 --> Undefined variable $id_hspk
in APPPATH/Views/admin/Asb/asb_hspk_add.php on line 12.
 1 APPPATH/Views/admin/Asb/asb_hspk_add.php(12): CodeIgniter\Debug\Exceptions->errorHandler(2, 'Undefined variable $id_hspk', 'APPPATH/Views/admin/Asb/asb_hspk_add.php', 12)
 2 SYSTEMPATH/View/View.php(213): include('APPPATH/Views/admin/Asb/asb_hspk_add.php')
 3 SYSTEMPATH/View/View.php(216): CodeIgniter\View\View->CodeIgniter\View\{closure}()
 4 SYSTEMPATH/Common.php(1135): CodeIgniter\View\View->render('admin/Asb/asb_hspk_add', [], true)
 5 APPPATH/Controllers/Admin/Asb/Asb_hspk.php(51): view('admin/Asb/asb_hspk_add', [...])
 6 SYSTEMPATH/CodeIgniter.php(896): App\Controllers\Admin\Asb\Asb_hspk->asb_add()
 7 SYSTEMPATH/CodeIgniter.php(466): CodeIgniter\CodeIgniter->runController(Object(App\Controllers\Admin\Asb\Asb_hspk))
 8 SYSTEMPATH/CodeIgniter.php(349): CodeIgniter\CodeIgniter->handleRequest(null, Object(Config\Cache), false)
 9 FCPATH/index.php(55): CodeIgniter\CodeIgniter->run()
10 SYSTEMPATH/Commands/Server/rewrite.php(43): require_once('FCPATH/index.php')
CRITICAL - 2022-06-30 15:00:08 --> Undefined array key "id"
in APPPATH/Views/admin/Asb/asb_hspk_add.php on line 24.
 1 APPPATH/Views/admin/Asb/asb_hspk_add.php(24): CodeIgniter\Debug\Exceptions->errorHandler(2, 'Undefined array key "id"', 'APPPATH/Views/admin/Asb/asb_hspk_add.php', 24)
 2 SYSTEMPATH/View/View.php(213): include('APPPATH/Views/admin/Asb/asb_hspk_add.php')
 3 SYSTEMPATH/View/View.php(216): CodeIgniter\View\View->CodeIgniter\View\{closure}()
 4 SYSTEMPATH/Common.php(1135): CodeIgniter\View\View->render('admin/Asb/asb_hspk_add', [], true)
 5 APPPATH/Controllers/Admin/Asb/Asb_hspk.php(53): view('admin/Asb/asb_hspk_add', [...])
 6 SYSTEMPATH/CodeIgniter.php(896): App\Controllers\Admin\Asb\Asb_hspk->asb_add('9')
 7 SYSTEMPATH/CodeIgniter.php(466): CodeIgniter\CodeIgniter->runController(Object(App\Controllers\Admin\Asb\Asb_hspk))
 8 SYSTEMPATH/CodeIgniter.php(349): CodeIgniter\CodeIgniter->handleRequest(null, Object(Config\Cache), false)
 9 FCPATH/index.php(55): CodeIgniter\CodeIgniter->run()
10 SYSTEMPATH/Commands/Server/rewrite.php(43): require_once('FCPATH/index.php')
