CRITICAL - 2022-06-24 02:28:11 --> Invalid file: dashboard.php
in SYSTEMPATH/Exceptions/FrameworkException.php on line 33.
 1 SYSTEMPATH/View/View.php(201): CodeIgniter\Exceptions\FrameworkException::forInvalidFile('dashboard.php')
 2 SYSTEMPATH/Common.php(1135): CodeIgniter\View\View->render('dashboard', [], true)
 3 APPPATH/Controllers/Home.php(27): view('dashboard', [...])
 4 SYSTEMPATH/CodeIgniter.php(896): App\Controllers\Home->index()
 5 SYSTEMPATH/CodeIgniter.php(466): CodeIgniter\CodeIgniter->runController(Object(App\Controllers\Home))
 6 SYSTEMPATH/CodeIgniter.php(349): CodeIgniter\CodeIgniter->handleRequest(null, Object(Config\Cache), false)
 7 FCPATH/index.php(55): CodeIgniter\CodeIgniter->run()
 8 SYSTEMPATH/Commands/Server/rewrite.php(43): require_once('FCPATH/index.php')
CRITICAL - 2022-06-24 02:48:34 --> Undefined array key "tahun"
in APPPATH/Views/_layout/navbar.php on line 8.
 1 APPPATH/Views/_layout/navbar.php(8): CodeIgniter\Debug\Exceptions->errorHandler(2, 'Undefined array key "tahun"', 'APPPATH/Views/_layout/navbar.php', 8)
 2 SYSTEMPATH/View/View.php(213): include('APPPATH/Views/_layout/navbar.php')
 3 SYSTEMPATH/View/View.php(216): CodeIgniter\View\View->CodeIgniter\View\{closure}()
 4 SYSTEMPATH/View/View.php(429): CodeIgniter\View\View->render('_layout/navbar', null, true)
 5 APPPATH/Views/_layout/template.php(7): CodeIgniter\View\View->include('_layout/navbar')
 6 SYSTEMPATH/View/View.php(213): include('APPPATH/Views/_layout/template.php')
 7 SYSTEMPATH/View/View.php(216): CodeIgniter\View\View->CodeIgniter\View\{closure}()
 8 SYSTEMPATH/View/View.php(229): CodeIgniter\View\View->render('_layout/template', [], true)
 9 SYSTEMPATH/Common.php(1135): CodeIgniter\View\View->render('admin/User/bidang', [], true)
10 APPPATH/Controllers/Admin/User/Bidang.php(35): view('admin/User/bidang', [...])
11 SYSTEMPATH/CodeIgniter.php(896): App\Controllers\Admin\User\Bidang->index()
12 SYSTEMPATH/CodeIgniter.php(466): CodeIgniter\CodeIgniter->runController(Object(App\Controllers\Admin\User\Bidang))
13 SYSTEMPATH/CodeIgniter.php(349): CodeIgniter\CodeIgniter->handleRequest(null, Object(Config\Cache), false)
14 FCPATH/index.php(55): CodeIgniter\CodeIgniter->run()
15 SYSTEMPATH/Commands/Server/rewrite.php(43): require_once('FCPATH/index.php')
CRITICAL - 2022-06-24 02:48:52 --> Undefined array key "tahun"
in APPPATH/Views/_layout/navbar.php on line 8.
 1 APPPATH/Views/_layout/navbar.php(8): CodeIgniter\Debug\Exceptions->errorHandler(2, 'Undefined array key "tahun"', 'APPPATH/Views/_layout/navbar.php', 8)
 2 SYSTEMPATH/View/View.php(213): include('APPPATH/Views/_layout/navbar.php')
 3 SYSTEMPATH/View/View.php(216): CodeIgniter\View\View->CodeIgniter\View\{closure}()
 4 SYSTEMPATH/View/View.php(429): CodeIgniter\View\View->render('_layout/navbar', null, true)
 5 APPPATH/Views/_layout/template.php(7): CodeIgniter\View\View->include('_layout/navbar')
 6 SYSTEMPATH/View/View.php(213): include('APPPATH/Views/_layout/template.php')
 7 SYSTEMPATH/View/View.php(216): CodeIgniter\View\View->CodeIgniter\View\{closure}()
 8 SYSTEMPATH/View/View.php(229): CodeIgniter\View\View->render('_layout/template', [], true)
 9 SYSTEMPATH/Common.php(1135): CodeIgniter\View\View->render('admin/User/bidang', [], true)
10 APPPATH/Controllers/Admin/User/Bidang.php(35): view('admin/User/bidang', [...])
11 SYSTEMPATH/CodeIgniter.php(896): App\Controllers\Admin\User\Bidang->index()
12 SYSTEMPATH/CodeIgniter.php(466): CodeIgniter\CodeIgniter->runController(Object(App\Controllers\Admin\User\Bidang))
13 SYSTEMPATH/CodeIgniter.php(349): CodeIgniter\CodeIgniter->handleRequest(null, Object(Config\Cache), false)
14 FCPATH/index.php(55): CodeIgniter\CodeIgniter->run()
15 SYSTEMPATH/Commands/Server/rewrite.php(43): require_once('FCPATH/index.php')
CRITICAL - 2022-06-24 02:49:55 --> Undefined array key "tahun"
in APPPATH/Views/_layout/navbar.php on line 8.
 1 APPPATH/Views/_layout/navbar.php(8): CodeIgniter\Debug\Exceptions->errorHandler(2, 'Undefined array key "tahun"', 'APPPATH/Views/_layout/navbar.php', 8)
 2 SYSTEMPATH/View/View.php(213): include('APPPATH/Views/_layout/navbar.php')
 3 SYSTEMPATH/View/View.php(216): CodeIgniter\View\View->CodeIgniter\View\{closure}()
 4 SYSTEMPATH/View/View.php(429): CodeIgniter\View\View->render('_layout/navbar', null, true)
 5 APPPATH/Views/_layout/template.php(7): CodeIgniter\View\View->include('_layout/navbar')
 6 SYSTEMPATH/View/View.php(213): include('APPPATH/Views/_layout/template.php')
 7 SYSTEMPATH/View/View.php(216): CodeIgniter\View\View->CodeIgniter\View\{closure}()
 8 SYSTEMPATH/View/View.php(229): CodeIgniter\View\View->render('_layout/template', [], true)
 9 SYSTEMPATH/Common.php(1135): CodeIgniter\View\View->render('admin/User/bidang', [], true)
10 APPPATH/Controllers/Admin/User/Bidang.php(35): view('admin/User/bidang', [...])
11 SYSTEMPATH/CodeIgniter.php(896): App\Controllers\Admin\User\Bidang->index()
12 SYSTEMPATH/CodeIgniter.php(466): CodeIgniter\CodeIgniter->runController(Object(App\Controllers\Admin\User\Bidang))
13 SYSTEMPATH/CodeIgniter.php(349): CodeIgniter\CodeIgniter->handleRequest(null, Object(Config\Cache), false)
14 FCPATH/index.php(55): CodeIgniter\CodeIgniter->run()
15 SYSTEMPATH/Commands/Server/rewrite.php(43): require_once('FCPATH/index.php')
CRITICAL - 2022-06-24 03:37:15 --> The namespace delimiter is a backslash (\), not a slash (/). Route handler: \App\Controllers\/Admin/Rpjmd/Program::index
in SYSTEMPATH/Router/Router.php on line 466.
 1 SYSTEMPATH/Router/Router.php(466): CodeIgniter\Router\Exceptions\RouterException::forInvalidControllerName('\\App\\Controllers\\/Admin/Rpjmd/Program::index')
 2 SYSTEMPATH/Router/Router.php(181): CodeIgniter\Router\Router->checkRoutes('admin/rpjmd/programxx')
 3 SYSTEMPATH/CodeIgniter.php(771): CodeIgniter\Router\Router->handle('admin/rpjmd/programxx')
 4 SYSTEMPATH/CodeIgniter.php(415): CodeIgniter\CodeIgniter->tryToRouteIt(Object(CodeIgniter\Router\RouteCollection))
 5 SYSTEMPATH/CodeIgniter.php(349): CodeIgniter\CodeIgniter->handleRequest(null, Object(Config\Cache), false)
 6 FCPATH/index.php(55): CodeIgniter\CodeIgniter->run()
 7 SYSTEMPATH/Commands/Server/rewrite.php(43): require_once('FCPATH/index.php')
CRITICAL - 2022-06-24 03:37:37 --> The namespace delimiter is a backslash (\), not a slash (/). Route handler: \App\Controllers\Admin/Rpjmd/Program::index
in SYSTEMPATH/Router/Router.php on line 466.
 1 SYSTEMPATH/Router/Router.php(466): CodeIgniter\Router\Exceptions\RouterException::forInvalidControllerName('\\App\\Controllers\\Admin/Rpjmd/Program::index')
 2 SYSTEMPATH/Router/Router.php(181): CodeIgniter\Router\Router->checkRoutes('admin/rpjmd/programxx')
 3 SYSTEMPATH/CodeIgniter.php(771): CodeIgniter\Router\Router->handle('admin/rpjmd/programxx')
 4 SYSTEMPATH/CodeIgniter.php(415): CodeIgniter\CodeIgniter->tryToRouteIt(Object(CodeIgniter\Router\RouteCollection))
 5 SYSTEMPATH/CodeIgniter.php(349): CodeIgniter\CodeIgniter->handleRequest(null, Object(Config\Cache), false)
 6 FCPATH/index.php(55): CodeIgniter\CodeIgniter->run()
 7 SYSTEMPATH/Commands/Server/rewrite.php(43): require_once('FCPATH/index.php')
CRITICAL - 2022-06-24 03:38:49 --> The namespace delimiter is a backslash (\), not a slash (/). Route handler: \App\Controllers\/Admin/Rpjmd/Program::index
in SYSTEMPATH/Router/Router.php on line 466.
 1 SYSTEMPATH/Router/Router.php(466): CodeIgniter\Router\Exceptions\RouterException::forInvalidControllerName('\\App\\Controllers\\/Admin/Rpjmd/Program::index')
 2 SYSTEMPATH/Router/Router.php(181): CodeIgniter\Router\Router->checkRoutes('admin/rpjmd/programxx')
 3 SYSTEMPATH/CodeIgniter.php(771): CodeIgniter\Router\Router->handle('admin/rpjmd/programxx')
 4 SYSTEMPATH/CodeIgniter.php(415): CodeIgniter\CodeIgniter->tryToRouteIt(Object(CodeIgniter\Router\RouteCollection))
 5 SYSTEMPATH/CodeIgniter.php(349): CodeIgniter\CodeIgniter->handleRequest(null, Object(Config\Cache), false)
 6 FCPATH/index.php(55): CodeIgniter\CodeIgniter->run()
 7 SYSTEMPATH/Commands/Server/rewrite.php(43): require_once('FCPATH/index.php')
CRITICAL - 2022-06-24 03:42:35 --> The namespace delimiter is a backslash (\), not a slash (/). Route handler: \App\Controllers\/Admin/Rpjmd/Program::index
in SYSTEMPATH/Router/Router.php on line 466.
 1 SYSTEMPATH/Router/Router.php(466): CodeIgniter\Router\Exceptions\RouterException::forInvalidControllerName('\\App\\Controllers\\/Admin/Rpjmd/Program::index')
 2 SYSTEMPATH/Router/Router.php(181): CodeIgniter\Router\Router->checkRoutes('admin/rpjmd/programxx')
 3 SYSTEMPATH/CodeIgniter.php(771): CodeIgniter\Router\Router->handle('admin/rpjmd/programxx')
 4 SYSTEMPATH/CodeIgniter.php(415): CodeIgniter\CodeIgniter->tryToRouteIt(Object(CodeIgniter\Router\RouteCollection))
 5 SYSTEMPATH/CodeIgniter.php(349): CodeIgniter\CodeIgniter->handleRequest(null, Object(Config\Cache), false)
 6 FCPATH/index.php(55): CodeIgniter\CodeIgniter->run()
 7 SYSTEMPATH/Commands/Server/rewrite.php(43): require_once('FCPATH/index.php')
CRITICAL - 2022-06-24 03:43:02 --> The namespace delimiter is a backslash (\), not a slash (/). Route handler: \App\Controllers\/Admin/Rpjmd/Program::index
in SYSTEMPATH/Router/Router.php on line 466.
 1 SYSTEMPATH/Router/Router.php(466): CodeIgniter\Router\Exceptions\RouterException::forInvalidControllerName('\\App\\Controllers\\/Admin/Rpjmd/Program::index')
 2 SYSTEMPATH/Router/Router.php(181): CodeIgniter\Router\Router->checkRoutes('admin/rpjmd/programxx')
 3 SYSTEMPATH/CodeIgniter.php(771): CodeIgniter\Router\Router->handle('admin/rpjmd/programxx')
 4 SYSTEMPATH/CodeIgniter.php(415): CodeIgniter\CodeIgniter->tryToRouteIt(Object(CodeIgniter\Router\RouteCollection))
 5 SYSTEMPATH/CodeIgniter.php(349): CodeIgniter\CodeIgniter->handleRequest(null, Object(Config\Cache), false)
 6 FCPATH/index.php(55): CodeIgniter\CodeIgniter->run()
 7 SYSTEMPATH/Commands/Server/rewrite.php(43): require_once('FCPATH/index.php')
